<?xml version="1.0" encoding="utf-8"?><testsuites name="pytest tests"><testsuite name="pytest" errors="0" failures="0" skipped="0" tests="51" time="37.596" timestamp="2026-08-15T00:22:07.857351+00:00" hostname="agent-env-5f22ce26-4c69-46ce-b08a-916b23837bb6"><testcase classname="backend.tests.test_categorization.TestAutocomplete" name="test_autocomplete_has_new_fields_and_defaults" time="0.306" /><testcase classname="backend.tests.test_categorization.TestAutocomplete" name="test_autocomplete_merge_no_duplicates_case_insensitive" time="0.143" /><testcase classname="backend.tests.test_categorization.TestAutocomplete" name="test_autocomplete_includes_db_custom_value" time="0.138" /><testcase classname="backend.tests.test_categorization.TestGamesCRUD" name="test_create_and_get_persists_new_fields" time="0.129" /><testcase classname="backend.tests.test_categorization.TestGamesCRUD" name="test_update_subestilo_and_interaccion" time="0.205" /><testcase classname="backend.tests.test_categorization.TestSearch" name="test_search_by_subestilo_case_insensitive_partial" time="0.276" /><testcase classname="backend.tests.test_categorization.TestSearch" name="test_search_by_interaccion_case_insensitive_partial" time="0.068" /><testcase classname="backend.tests.test_categorization.TestSearch" name="test_search_combined_categoria_subestilo_interaccion_players" time="0.070" /><testcase classname="backend.tests.test_categorization.TestRecommend" name="test_recommend_applies_subestilo_and_interaccion_as_AND_filter" time="0.066" /><testcase classname="backend.tests.test_categorization.TestRecommend" name="test_recommend_includes_spanish_reasons_for_new_fields" time="0.069" /><testcase classname="backend.tests.test_categorization.TestRecommend" name="test_recommend_without_new_fields_still_works" time="0.465" /><testcase classname="backend.tests.test_expansions" name="test_bgg_expansions_catan_list" time="20.635" /><testcase classname="backend.tests.test_expansions" name="test_bgg_expansions_sorted_desc_by_year" time="0.000" /><testcase classname="backend.tests.test_expansions" name="test_bgg_expansions_invalid_id" time="0.249" /><testcase classname="backend.tests.test_expansions.TestGameWithExpansionsCRUD" name="test_create_game_with_bgg_and_expansions" time="0.055" /><testcase classname="backend.tests.test_expansions.TestGameWithExpansionsCRUD" name="test_get_game_returns_bgg_and_expansiones" time="0.052" /><testcase classname="backend.tests.test_expansions.TestGameWithExpansionsCRUD" name="test_update_only_expansiones_persists" time="0.153" /><testcase classname="backend.tests.test_expansions.TestGameWithExpansionsCRUD" name="test_update_clear_expansiones_with_empty_list" time="0.102" /><testcase classname="backend.tests.test_expansions.TestGameWithExpansionsCRUD" name="test_create_game_without_bgg" time="0.053" /><testcase classname="backend.tests.test_expansions.TestGameWithExpansionsCRUD" name="test_link_existing_game_with_bgg" time="0.108" /><testcase classname="backend.tests.test_expansions.TestBackupRestoreExpansions" name="test_backup_includes_bgg_and_expansiones" time="0.113" /><testcase classname="backend.tests.test_expansions.TestBackupRestoreExpansions" name="test_restore_fusionar_preserves_fields" time="0.110" /><testcase classname="backend.tests.test_expansions.TestBackupRestoreExpansions" name="test_restore_reemplazar_preserves_fields" time="0.338" /><testcase classname="backend.tests.test_expansions" name="test_cleanup_test_games" time="0.206" /><testcase classname="backend.tests.test_ia_bgg" name="test_api_root" time="0.153" /><testcase classname="backend.tests.test_ia_bgg" name="test_identify_game_valid_image" time="0.889" /><testcase classname="backend.tests.test_ia_bgg" name="test_identify_game_with_data_url_prefix" time="0.792" /><testcase classname="backend.tests.test_ia_bgg" name="test_identify_game_missing_image" time="0.081" /><testcase classname="backend.tests.test_ia_bgg" name="test_identify_game_no_field" time="0.069" /><testcase classname="backend.tests.test_ia_bgg" name="test_bgg_search_catan" time="0.498" /><testcase classname="backend.tests.test_ia_bgg" name="test_bgg_search_no_results" time="0.325" /><testcase classname="backend.tests.test_ia_bgg" name="test_bgg_search_empty_query_validation" time="0.061" /><testcase classname="backend.tests.test_ia_bgg" name="test_bgg_details_catan_spanish" time="4.410" /><testcase classname="backend.tests.test_ia_bgg" name="test_bgg_details_no_translate" time="0.191" /><testcase classname="backend.tests.test_ia_bgg" name="test_bgg_details_invalid_id" time="0.208" /><testcase classname="backend.tests.test_ia_bgg.TestGamesRegression" name="test_create_game" time="0.067" /><testcase classname="backend.tests.test_ia_bgg.TestGamesRegression" name="test_get_game_by_id" time="0.067" /><testcase classname="backend.tests.test_ia_bgg.TestGamesRegression" name="test_list_games" time="0.076" /><testcase classname="backend.tests.test_ia_bgg.TestGamesRegression" name="test_update_game" time="0.138" /><testcase classname="backend.tests.test_ia_bgg.TestGamesRegression" name="test_search_games" time="0.061" /><testcase classname="backend.tests.test_ia_bgg.TestGamesRegression" name="test_statistics_endpoint" time="0.070" /><testcase classname="backend.tests.test_ia_bgg.TestGamesRegression" name="test_autocomplete_endpoint" time="0.073" /><testcase classname="backend.tests.test_ia_bgg.TestGamesRegression" name="test_delete_game" time="0.125" /><testcase classname="backend.tests.test_identify_game" name="test_identify_valid_jpeg_returns_200" time="0.823" /><testcase classname="backend.tests.test_identify_game" name="test_identify_webp_returns_200" time="0.953" /><testcase classname="backend.tests.test_identify_game" name="test_identify_large_png_returns_200" time="1.826" /><testcase classname="backend.tests.test_identify_game" name="test_identify_raw_base64_no_prefix_returns_200" time="0.861" /><testcase classname="backend.tests.test_identify_game" name="test_identify_malformed_base64_returns_422" time="0.123" /><testcase classname="backend.tests.test_identify_game" name="test_identify_valid_b64_but_not_image_returns_422" time="0.131" /><testcase classname="backend.tests.test_identify_game" name="test_identify_empty_image_returns_400" time="0.125" /><testcase classname="backend.tests.test_identify_game" name="test_identify_never_leaks_openai_error" time="0.122" /></testsuite></testsuites>