<?xml version="1.0" encoding="utf-8"?><testsuites name="pytest tests"><testsuite name="pytest" errors="0" failures="0" skipped="0" tests="27" time="15.459" timestamp="2026-08-11T00:11:38.249892+00:00" hostname="agent-env-5f22ce26-4c69-46ce-b08a-916b23837bb6"><testcase classname="backend.tests.test_identify_game" name="test_identify_valid_jpeg_returns_200" time="1.300" /><testcase classname="backend.tests.test_identify_game" name="test_identify_webp_returns_200" time="1.109" /><testcase classname="backend.tests.test_identify_game" name="test_identify_large_png_returns_200" time="2.014" /><testcase classname="backend.tests.test_identify_game" name="test_identify_raw_base64_no_prefix_returns_200" time="1.314" /><testcase classname="backend.tests.test_identify_game" name="test_identify_malformed_base64_returns_422" time="0.174" /><testcase classname="backend.tests.test_identify_game" name="test_identify_valid_b64_but_not_image_returns_422" time="0.138" /><testcase classname="backend.tests.test_identify_game" name="test_identify_empty_image_returns_400" time="0.099" /><testcase classname="backend.tests.test_identify_game" name="test_identify_never_leaks_openai_error" time="0.108" /><testcase classname="backend.tests.test_ia_bgg" name="test_api_root" time="0.095" /><testcase classname="backend.tests.test_ia_bgg" name="test_identify_game_valid_image" time="0.907" /><testcase classname="backend.tests.test_ia_bgg" name="test_identify_game_with_data_url_prefix" time="0.825" /><testcase classname="backend.tests.test_ia_bgg" name="test_identify_game_missing_image" time="0.045" /><testcase classname="backend.tests.test_ia_bgg" name="test_identify_game_no_field" time="0.046" /><testcase classname="backend.tests.test_ia_bgg" name="test_bgg_search_catan" time="0.510" /><testcase classname="backend.tests.test_ia_bgg" name="test_bgg_search_no_results" time="0.170" /><testcase classname="backend.tests.test_ia_bgg" name="test_bgg_search_empty_query_validation" time="0.051" /><testcase classname="backend.tests.test_ia_bgg" name="test_bgg_details_catan_spanish" time="5.327" /><testcase classname="backend.tests.test_ia_bgg" name="test_bgg_details_no_translate" time="0.191" /><testcase classname="backend.tests.test_ia_bgg" name="test_bgg_details_invalid_id" time="0.167" /><testcase classname="backend.tests.test_ia_bgg.TestGamesRegression" name="test_create_game" time="0.060" /><testcase classname="backend.tests.test_ia_bgg.TestGamesRegression" name="test_get_game_by_id" time="0.052" /><testcase classname="backend.tests.test_ia_bgg.TestGamesRegression" name="test_list_games" time="0.049" /><testcase classname="backend.tests.test_ia_bgg.TestGamesRegression" name="test_update_game" time="0.096" /><testcase classname="backend.tests.test_ia_bgg.TestGamesRegression" name="test_search_games" time="0.053" /><testcase classname="backend.tests.test_ia_bgg.TestGamesRegression" name="test_statistics_endpoint" time="0.051" /><testcase classname="backend.tests.test_ia_bgg.TestGamesRegression" name="test_autocomplete_endpoint" time="0.055" /><testcase classname="backend.tests.test_ia_bgg.TestGamesRegression" name="test_delete_game" time="0.092" /></testsuite></testsuites>