<?xml version="1.0" encoding="utf-8"?><testsuites name="pytest tests"><testsuite name="pytest" errors="0" failures="0" skipped="0" tests="8" time="5.014" timestamp="2026-07-11T22:37:55.902942+00:00" hostname="agent-env-5f22ce26-4c69-46ce-b08a-916b23837bb6"><testcase classname="backend.tests.test_identify_game" name="test_identify_valid_jpeg_returns_200" time="1.073" /><testcase classname="backend.tests.test_identify_game" name="test_identify_webp_returns_200" time="0.896" /><testcase classname="backend.tests.test_identify_game" name="test_identify_large_png_returns_200" time="1.689" /><testcase classname="backend.tests.test_identify_game" name="test_identify_raw_base64_no_prefix_returns_200" time="0.793" /><testcase classname="backend.tests.test_identify_game" name="test_identify_malformed_base64_returns_422" time="0.097" /><testcase classname="backend.tests.test_identify_game" name="test_identify_valid_b64_but_not_image_returns_422" time="0.109" /><testcase classname="backend.tests.test_identify_game" name="test_identify_empty_image_returns_400" time="0.115" /><testcase classname="backend.tests.test_identify_game" name="test_identify_never_leaks_openai_error" time="0.141" /></testsuite></testsuites>