<?xml version="1.0" encoding="utf-8"?><testsuites name="pytest tests"><testsuite name="pytest" errors="0" failures="0" skipped="0" tests="11" time="1.725" timestamp="2026-06-22T16:02:05.532558+00:00" hostname="agent-env-5f22ce26-4c69-46ce-b08a-916b23837bb6"><testcase classname="backend.tests.test_categorization.TestAutocomplete" name="test_autocomplete_has_new_fields_and_defaults" time="0.317" /><testcase classname="backend.tests.test_categorization.TestAutocomplete" name="test_autocomplete_merge_no_duplicates_case_insensitive" time="0.096" /><testcase classname="backend.tests.test_categorization.TestAutocomplete" name="test_autocomplete_includes_db_custom_value" time="0.100" /><testcase classname="backend.tests.test_categorization.TestGamesCRUD" name="test_create_and_get_persists_new_fields" time="0.095" /><testcase classname="backend.tests.test_categorization.TestGamesCRUD" name="test_update_subestilo_and_interaccion" time="0.142" /><testcase classname="backend.tests.test_categorization.TestSearch" name="test_search_by_subestilo_case_insensitive_partial" time="0.189" /><testcase classname="backend.tests.test_categorization.TestSearch" name="test_search_by_interaccion_case_insensitive_partial" time="0.047" /><testcase classname="backend.tests.test_categorization.TestSearch" name="test_search_combined_categoria_subestilo_interaccion_players" time="0.056" /><testcase classname="backend.tests.test_categorization.TestRecommend" name="test_recommend_applies_subestilo_and_interaccion_as_AND_filter" time="0.053" /><testcase classname="backend.tests.test_categorization.TestRecommend" name="test_recommend_includes_spanish_reasons_for_new_fields" time="0.056" /><testcase classname="backend.tests.test_categorization.TestRecommend" name="test_recommend_without_new_fields_still_works" time="0.486" /></testsuite></testsuites>