<?xml version="1.0" encoding="utf-8"?><testsuites name="pytest tests"><testsuite name="pytest" errors="0" failures="0" skipped="0" tests="32" time="18.967" timestamp="2026-05-13T00:17:49.753217+00:00" hostname="agent-env-eb62aea8-1506-473d-92e2-bf5f19a283c2"><testcase classname="backend.tests.test_expansions" name="test_bgg_expansions_catan_list" time="1.002" /><testcase classname="backend.tests.test_expansions" name="test_bgg_expansions_sorted_desc_by_year" time="0.001" /><testcase classname="backend.tests.test_expansions" name="test_bgg_expansions_invalid_id" time="0.441" /><testcase classname="backend.tests.test_expansions.TestGameWithExpansionsCRUD" name="test_create_game_with_bgg_and_expansions" time="0.080" /><testcase classname="backend.tests.test_expansions.TestGameWithExpansionsCRUD" name="test_get_game_returns_bgg_and_expansiones" time="0.076" /><testcase classname="backend.tests.test_expansions.TestGameWithExpansionsCRUD" name="test_update_only_expansiones_persists" time="0.233" /><testcase classname="backend.tests.test_expansions.TestGameWithExpansionsCRUD" name="test_update_clear_expansiones_with_empty_list" time="0.160" /><testcase classname="backend.tests.test_expansions.TestGameWithExpansionsCRUD" name="test_create_game_without_bgg" time="0.081" /><testcase classname="backend.tests.test_expansions.TestGameWithExpansionsCRUD" name="test_link_existing_game_with_bgg" time="0.151" /><testcase classname="backend.tests.test_expansions.TestBackupRestoreExpansions" name="test_backup_includes_bgg_and_expansiones" time="0.296" /><testcase classname="backend.tests.test_expansions.TestBackupRestoreExpansions" name="test_restore_fusionar_preserves_fields" time="0.147" /><testcase classname="backend.tests.test_expansions.TestBackupRestoreExpansions" name="test_restore_reemplazar_preserves_fields" time="0.340" /><testcase classname="backend.tests.test_expansions" name="test_cleanup_test_games" time="0.417" /><testcase classname="backend.tests.test_ia_bgg" name="test_api_root" time="0.119" /><testcase classname="backend.tests.test_ia_bgg" name="test_identify_game_valid_image" time="1.571" /><testcase classname="backend.tests.test_ia_bgg" name="test_identify_game_with_data_url_prefix" time="1.313" /><testcase classname="backend.tests.test_ia_bgg" name="test_identify_game_missing_image" time="0.063" /><testcase classname="backend.tests.test_ia_bgg" name="test_identify_game_no_field" time="0.081" /><testcase classname="backend.tests.test_ia_bgg" name="test_bgg_search_catan" time="1.544" /><testcase classname="backend.tests.test_ia_bgg" name="test_bgg_search_no_results" time="0.273" /><testcase classname="backend.tests.test_ia_bgg" name="test_bgg_search_empty_query_validation" time="0.066" /><testcase classname="backend.tests.test_ia_bgg" name="test_bgg_details_catan_spanish" time="8.540" /><testcase classname="backend.tests.test_ia_bgg" name="test_bgg_details_no_translate" time="0.263" /><testcase classname="backend.tests.test_ia_bgg" name="test_bgg_details_invalid_id" time="0.244" /><testcase classname="backend.tests.test_ia_bgg.TestGamesRegression" name="test_create_game" time="0.068" /><testcase classname="backend.tests.test_ia_bgg.TestGamesRegression" name="test_get_game_by_id" time="0.065" /><testcase classname="backend.tests.test_ia_bgg.TestGamesRegression" name="test_list_games" time="0.175" /><testcase classname="backend.tests.test_ia_bgg.TestGamesRegression" name="test_update_game" time="0.136" /><testcase classname="backend.tests.test_ia_bgg.TestGamesRegression" name="test_search_games" time="0.084" /><testcase classname="backend.tests.test_ia_bgg.TestGamesRegression" name="test_statistics_endpoint" time="0.088" /><testcase classname="backend.tests.test_ia_bgg.TestGamesRegression" name="test_autocomplete_endpoint" time="0.073" /><testcase classname="backend.tests.test_ia_bgg.TestGamesRegression" name="test_delete_game" time="0.135" /></testsuite></testsuites>