<?xml version="1.0" encoding="utf-8"?><testsuites name="pytest tests"><testsuite name="pytest" errors="0" failures="1" skipped="0" tests="13" time="3.174" timestamp="2026-05-13T00:16:58.570512+00:00" hostname="agent-env-eb62aea8-1506-473d-92e2-bf5f19a283c2"><testcase classname="backend.tests.test_expansions" name="test_bgg_expansions_catan_list" time="0.743"><failure message="AssertionError: Too few expansions with thumbnail: 4/104&#10;assert 4 &gt;= 20">backend/tests/test_expansions.py:70: in test_bgg_expansions_catan_list
    assert with_thumb &gt;= 20, f"Too few expansions with thumbnail: {with_thumb}/{len(data)}"
E   AssertionError: Too few expansions with thumbnail: 4/104
E   assert 4 &gt;= 20</failure></testcase><testcase classname="backend.tests.test_expansions" name="test_bgg_expansions_sorted_desc_by_year" time="0.001" /><testcase classname="backend.tests.test_expansions" name="test_bgg_expansions_invalid_id" time="0.257" /><testcase classname="backend.tests.test_expansions.TestGameWithExpansionsCRUD" name="test_create_game_with_bgg_and_expansions" time="0.064" /><testcase classname="backend.tests.test_expansions.TestGameWithExpansionsCRUD" name="test_get_game_returns_bgg_and_expansiones" time="0.070" /><testcase classname="backend.tests.test_expansions.TestGameWithExpansionsCRUD" name="test_update_only_expansiones_persists" time="0.265" /><testcase classname="backend.tests.test_expansions.TestGameWithExpansionsCRUD" name="test_update_clear_expansiones_with_empty_list" time="0.129" /><testcase classname="backend.tests.test_expansions.TestGameWithExpansionsCRUD" name="test_create_game_without_bgg" time="0.066" /><testcase classname="backend.tests.test_expansions.TestGameWithExpansionsCRUD" name="test_link_existing_game_with_bgg" time="0.138" /><testcase classname="backend.tests.test_expansions.TestBackupRestoreExpansions" name="test_backup_includes_bgg_and_expansiones" time="0.251" /><testcase classname="backend.tests.test_expansions.TestBackupRestoreExpansions" name="test_restore_fusionar_preserves_fields" time="0.133" /><testcase classname="backend.tests.test_expansions.TestBackupRestoreExpansions" name="test_restore_reemplazar_preserves_fields" time="0.320" /><testcase classname="backend.tests.test_expansions" name="test_cleanup_test_games" time="0.364" /></testsuite></testsuites>