<?xml version="1.0" encoding="utf-8"?><testsuites name="pytest tests"><testsuite name="pytest" errors="0" failures="0" skipped="0" tests="19" time="10.141" timestamp="2026-05-11T21:58:00.146636+00:00" hostname="agent-env-eb62aea8-1506-473d-92e2-bf5f19a283c2"><testcase classname="backend.tests.test_ia_bgg" name="test_api_root" time="0.235" /><testcase classname="backend.tests.test_ia_bgg" name="test_identify_game_valid_image" time="0.868" /><testcase classname="backend.tests.test_ia_bgg" name="test_identify_game_with_data_url_prefix" time="1.089" /><testcase classname="backend.tests.test_ia_bgg" name="test_identify_game_missing_image" time="0.059" /><testcase classname="backend.tests.test_ia_bgg" name="test_identify_game_no_field" time="0.052" /><testcase classname="backend.tests.test_ia_bgg" name="test_bgg_search_catan" time="0.462" /><testcase classname="backend.tests.test_ia_bgg" name="test_bgg_search_no_results" time="0.276" /><testcase classname="backend.tests.test_ia_bgg" name="test_bgg_search_empty_query_validation" time="0.057" /><testcase classname="backend.tests.test_ia_bgg" name="test_bgg_details_catan_spanish" time="5.409" /><testcase classname="backend.tests.test_ia_bgg" name="test_bgg_details_no_translate" time="0.242" /><testcase classname="backend.tests.test_ia_bgg" name="test_bgg_details_invalid_id" time="0.426" /><testcase classname="backend.tests.test_ia_bgg.TestGamesRegression" name="test_create_game" time="0.063" /><testcase classname="backend.tests.test_ia_bgg.TestGamesRegression" name="test_get_game_by_id" time="0.058" /><testcase classname="backend.tests.test_ia_bgg.TestGamesRegression" name="test_list_games" time="0.110" /><testcase classname="backend.tests.test_ia_bgg.TestGamesRegression" name="test_update_game" time="0.111" /><testcase classname="backend.tests.test_ia_bgg.TestGamesRegression" name="test_search_games" time="0.057" /><testcase classname="backend.tests.test_ia_bgg.TestGamesRegression" name="test_statistics_endpoint" time="0.066" /><testcase classname="backend.tests.test_ia_bgg.TestGamesRegression" name="test_autocomplete_endpoint" time="0.065" /><testcase classname="backend.tests.test_ia_bgg.TestGamesRegression" name="test_delete_game" time="0.118" /></testsuite></testsuites>